<?xml version="1.0" encoding="UTF-8"?>
<!-- Generated by org.testng.reporters.JUnitReportReporter -->
<testsuite hostname="DESKTOP-CNC28N6" failures="0" tests="2" name="com.eequequestorage.qa.testcases.OnlineApplicationPageTest" time="28.977" errors="0" timestamp="2022-10-28T15:33:55 IST" skipped="0">
  <testcase classname="com.eequequestorage.qa.testcases.OnlineApplicationPageTest" name="getTitleTest" time="28.889"/>
  <system-out/>
  <testcase classname="com.eequequestorage.qa.testcases.OnlineApplicationPageTest" name="openPersonalDetails" time="0.088"/>
  <system-out/>
</testsuite> <!-- com.eequequestorage.qa.testcases.OnlineApplicationPageTest -->
