<?xml version="1.0" encoding="UTF-8"?>
<!-- Generated by org.testng.reporters.JUnitReportReporter -->
<testsuite hostname="DESKTOP-CNC28N6" failures="0" tests="1" name="com.extraaedge.qa.testcases.HomePageTest" time="23.474" errors="0" timestamp="2022-10-31T12:55:57 IST" skipped="0">
  <testcase classname="com.extraaedge.qa.testcases.HomePageTest" name="popupTest" time="23.474"/>
  <system-out/>
</testsuite> <!-- com.extraaedge.qa.testcases.HomePageTest -->
