<?xml version="1.0" encoding="UTF-8"?>
<!-- Generated by org.testng.reporters.JUnitReportReporter -->
<testsuite hostname="DESKTOP-CNC28N6" failures="0" tests="1" name="com.eequequestorage.qa.testcases.HomePageTest" time="10.223" errors="0" timestamp="2022-10-27T23:07:27 IST" skipped="0">
  <testcase classname="com.eequequestorage.qa.testcases.HomePageTest" name="popupTest" time="10.223"/>
  <system-out/>
</testsuite> <!-- com.eequequestorage.qa.testcases.HomePageTest -->
