<?xml version="1.0" encoding="UTF-8"?>
<!-- Generated by org.testng.reporters.JUnitReportReporter -->
<testsuite hostname="DESKTOP-CNC28N6" failures="0" tests="2" name="com.eequequestorage.qa.testcases.PersonalDetailsTest" time="59.778" errors="0" timestamp="2022-10-29T19:34:42 IST" skipped="0">
  <testcase classname="com.eequequestorage.qa.testcases.PersonalDetailsTest" name="openPersonalDetails" time="49.549"/>
  <system-out/>
  <testcase classname="com.eequequestorage.qa.testcases.PersonalDetailsTest" name="fillPersonalDetails" time="10.229"/>
  <system-out/>
</testsuite> <!-- com.eequequestorage.qa.testcases.PersonalDetailsTest -->
