<?xml version="1.0" encoding="UTF-8"?>
<!-- Generated by org.testng.reporters.JUnitReportReporter -->
<testsuite hostname="DESKTOP-CNC28N6" failures="0" tests="2" name="com.extraaedge.qa.testcases.OnlineApplicationPageTest" time="53.581" errors="0" timestamp="2022-10-31T12:55:57 IST" skipped="0">
  <testcase classname="com.extraaedge.qa.testcases.OnlineApplicationPageTest" name="getTitleTest" time="53.469"/>
  <system-out/>
  <testcase classname="com.extraaedge.qa.testcases.OnlineApplicationPageTest" name="openPersonalDetails" time="0.112"/>
  <system-out/>
</testsuite> <!-- com.extraaedge.qa.testcases.OnlineApplicationPageTest -->
