<?xml version="1.0" encoding="UTF-8"?>
<!-- Generated by org.testng.reporters.JUnitReportReporter -->
<testsuite hostname="DESKTOP-CNC28N6" failures="0" tests="2" name="com.extraaedge.qa.testcases.OnlineApplicationPageTest" time="23.212" errors="0" timestamp="2022-10-31T14:23:25 IST" skipped="0">
  <testcase classname="com.extraaedge.qa.testcases.OnlineApplicationPageTest" name="getTitleTest" time="22.873"/>
  <system-out/>
  <testcase classname="com.extraaedge.qa.testcases.OnlineApplicationPageTest" name="openPersonalDetails" time="0.339"/>
  <system-out/>
</testsuite> <!-- com.extraaedge.qa.testcases.OnlineApplicationPageTest -->
