<?xml version="1.0" encoding="UTF-8"?>
<!-- Generated by org.testng.reporters.JUnitReportReporter -->
<testsuite hostname="DESKTOP-CNC28N6" failures="0" tests="2" name="com.extraaedge.qa.testcases.PersonalDetailsTest" time="39.847" errors="0" timestamp="2022-10-31T14:23:25 IST" skipped="0">
  <testcase classname="com.extraaedge.qa.testcases.PersonalDetailsTest" name="openPersonalDetails" time="29.906"/>
  <system-out/>
  <testcase classname="com.extraaedge.qa.testcases.PersonalDetailsTest" name="fillPersonalDetails" time="9.941"/>
  <system-out/>
</testsuite> <!-- com.extraaedge.qa.testcases.PersonalDetailsTest -->
