<?xml version="1.0" encoding="UTF-8"?>
<!-- Generated by org.testng.reporters.JUnitReportReporter -->
<testsuite hostname="DESKTOP-CNC28N6" failures="0" tests="2" name="com.extraaedge.qa.testcases.ParentDetailsTest" time="13.712" errors="0" timestamp="2022-10-31T14:23:25 IST" skipped="0">
  <testcase classname="com.extraaedge.qa.testcases.ParentDetailsTest" name="getTitleTest" time="4.128"/>
  <system-out/>
  <testcase classname="com.extraaedge.qa.testcases.ParentDetailsTest" name="openSignUp" time="9.584"/>
  <system-out/>
</testsuite> <!-- com.extraaedge.qa.testcases.ParentDetailsTest -->
